Determining if the pthread_create exist failed with the following output:
Change Dir: /home/rpg711/kinetic_workspace/cs403/cobot_simulator/cobot_linux/build/CMakeFiles/CMakeTmp

Run Build Command:"/usr/bin/make" "cmTC_b7ea5/fast"
make[1]: Entering directory '/home/rpg711/Documents/CS403/kinetic_workspace/cs403/cobot_simulator/cobot_linux/build/CMakeFiles/CMakeTmp'
/usr/bin/make -f CMakeFiles/cmTC_b7ea5.dir/build.make CMakeFiles/cmTC_b7ea5.dir/build
make[2]: Entering directory '/home/rpg711/Documents/CS403/kinetic_workspace/cs403/cobot_simulator/cobot_linux/build/CMakeFiles/CMakeTmp'
Building C object CMakeFiles/cmTC_b7ea5.dir/CheckSymbolExists.c.o
/usr/bin/gcc     -o CMakeFiles/cmTC_b7ea5.dir/CheckSymbolExists.c.o   -c /home/rpg711/kinetic_workspace/cs403/cobot_simulator/cobot_linux/build/CMakeFiles/CMakeTmp/CheckSymbolExists.c
Linking C executable cmTC_b7ea5
/usr/bin/cmake -E cmake_link_script CMakeFiles/cmTC_b7ea5.dir/link.txt --verbose=1
/usr/bin/gcc       CMakeFiles/cmTC_b7ea5.dir/CheckSymbolExists.c.o  -o cmTC_b7ea5 -rdynamic 
CMakeFiles/cmTC_b7ea5.dir/CheckSymbolExists.c.o: In function `main':
CheckSymbolExists.c:(.text+0x16): undefined reference to `pthread_create'
collect2: error: ld returned 1 exit status
CMakeFiles/cmTC_b7ea5.dir/build.make:97: recipe for target 'cmTC_b7ea5' failed
make[2]: *** [cmTC_b7ea5] Error 1
make[2]: Leaving directory '/home/rpg711/Documents/CS403/kinetic_workspace/cs403/cobot_simulator/cobot_linux/build/CMakeFiles/CMakeTmp'
Makefile:126: recipe for target 'cmTC_b7ea5/fast' failed
make[1]: *** [cmTC_b7ea5/fast] Error 2
make[1]: Leaving directory '/home/rpg711/Documents/CS403/kinetic_workspace/cs403/cobot_simulator/cobot_linux/build/CMakeFiles/CMakeTmp'

File /home/rpg711/kinetic_workspace/cs403/cobot_simulator/cobot_linux/build/CMakeFiles/CMakeTmp/CheckSymbolExists.c:
/* */
#include <pthread.h>

int main(int argc, char** argv)
{
  (void)argv;
#ifndef pthread_create
  return ((int*)(&pthread_create))[argc];
#else
  (void)argc;
  return 0;
#endif
}

Determining if the function pthread_create exists in the pthreads failed with the following output:
Change Dir: /home/rpg711/kinetic_workspace/cs403/cobot_simulator/cobot_linux/build/CMakeFiles/CMakeTmp

Run Build Command:"/usr/bin/make" "cmTC_b7738/fast"
make[1]: Entering directory '/home/rpg711/Documents/CS403/kinetic_workspace/cs403/cobot_simulator/cobot_linux/build/CMakeFiles/CMakeTmp'
/usr/bin/make -f CMakeFiles/cmTC_b7738.dir/build.make CMakeFiles/cmTC_b7738.dir/build
make[2]: Entering directory '/home/rpg711/Documents/CS403/kinetic_workspace/cs403/cobot_simulator/cobot_linux/build/CMakeFiles/CMakeTmp'
Building C object CMakeFiles/cmTC_b7738.dir/CheckFunctionExists.c.o
/usr/bin/gcc    -DCHECK_FUNCTION_EXISTS=pthread_create   -o CMakeFiles/cmTC_b7738.dir/CheckFunctionExists.c.o   -c /usr/share/cmake-3.5/Modules/CheckFunctionExists.c
Linking C executable cmTC_b7738
/usr/bin/cmake -E cmake_link_script CMakeFiles/cmTC_b7738.dir/link.txt --verbose=1
/usr/bin/gcc   -DCHECK_FUNCTION_EXISTS=pthread_create    CMakeFiles/cmTC_b7738.dir/CheckFunctionExists.c.o  -o cmTC_b7738 -rdynamic -lpthreads 
/usr/bin/ld: cannot find -lpthreads
collect2: error: ld returned 1 exit status
CMakeFiles/cmTC_b7738.dir/build.make:97: recipe for target 'cmTC_b7738' failed
make[2]: *** [cmTC_b7738] Error 1
make[2]: Leaving directory '/home/rpg711/Documents/CS403/kinetic_workspace/cs403/cobot_simulator/cobot_linux/build/CMakeFiles/CMakeTmp'
Makefile:126: recipe for target 'cmTC_b7738/fast' failed
make[1]: *** [cmTC_b7738/fast] Error 2
make[1]: Leaving directory '/home/rpg711/Documents/CS403/kinetic_workspace/cs403/cobot_simulator/cobot_linux/build/CMakeFiles/CMakeTmp'


