Determining if the pthread_create exist failed with the following output:
Change Dir: /home/rpg711/Documents/CS403/kinetic_workspace/cs403/cobot_simulator/cobot_msgs/build/CMakeFiles/CMakeTmp

Run Build Command:"/usr/bin/make" "cmTC_cc6c8/fast"
make[2]: Entering directory '/home/rpg711/Documents/CS403/kinetic_workspace/cs403/cobot_simulator/cobot_msgs/build/CMakeFiles/CMakeTmp'
/usr/bin/make -f CMakeFiles/cmTC_cc6c8.dir/build.make CMakeFiles/cmTC_cc6c8.dir/build
make[3]: Entering directory '/home/rpg711/Documents/CS403/kinetic_workspace/cs403/cobot_simulator/cobot_msgs/build/CMakeFiles/CMakeTmp'
Building C object CMakeFiles/cmTC_cc6c8.dir/CheckSymbolExists.c.o
/usr/bin/cc     -o CMakeFiles/cmTC_cc6c8.dir/CheckSymbolExists.c.o   -c /home/rpg711/Documents/CS403/kinetic_workspace/cs403/cobot_simulator/cobot_msgs/build/CMakeFiles/CMakeTmp/CheckSymbolExists.c
Linking C executable cmTC_cc6c8
/usr/bin/cmake -E cmake_link_script CMakeFiles/cmTC_cc6c8.dir/link.txt --verbose=1
/usr/bin/cc       CMakeFiles/cmTC_cc6c8.dir/CheckSymbolExists.c.o  -o cmTC_cc6c8 -rdynamic 
CMakeFiles/cmTC_cc6c8.dir/CheckSymbolExists.c.o: In function `main':
CheckSymbolExists.c:(.text+0x16): undefined reference to `pthread_create'
collect2: error: ld returned 1 exit status
CMakeFiles/cmTC_cc6c8.dir/build.make:97: recipe for target 'cmTC_cc6c8' failed
make[3]: *** [cmTC_cc6c8] Error 1
make[3]: Leaving directory '/home/rpg711/Documents/CS403/kinetic_workspace/cs403/cobot_simulator/cobot_msgs/build/CMakeFiles/CMakeTmp'
Makefile:126: recipe for target 'cmTC_cc6c8/fast' failed
make[2]: *** [cmTC_cc6c8/fast] Error 2
make[2]: Leaving directory '/home/rpg711/Documents/CS403/kinetic_workspace/cs403/cobot_simulator/cobot_msgs/build/CMakeFiles/CMakeTmp'

File /home/rpg711/Documents/CS403/kinetic_workspace/cs403/cobot_simulator/cobot_msgs/build/CMakeFiles/CMakeTmp/CheckSymbolExists.c:
/* */
#include <pthread.h>

int main(int argc, char** argv)
{
  (void)argv;
#ifndef pthread_create
  return ((int*)(&pthread_create))[argc];
#else
  (void)argc;
  return 0;
#endif
}

Determining if the function pthread_create exists in the pthreads failed with the following output:
Change Dir: /home/rpg711/Documents/CS403/kinetic_workspace/cs403/cobot_simulator/cobot_msgs/build/CMakeFiles/CMakeTmp

Run Build Command:"/usr/bin/make" "cmTC_a6e54/fast"
make[2]: Entering directory '/home/rpg711/Documents/CS403/kinetic_workspace/cs403/cobot_simulator/cobot_msgs/build/CMakeFiles/CMakeTmp'
/usr/bin/make -f CMakeFiles/cmTC_a6e54.dir/build.make CMakeFiles/cmTC_a6e54.dir/build
make[3]: Entering directory '/home/rpg711/Documents/CS403/kinetic_workspace/cs403/cobot_simulator/cobot_msgs/build/CMakeFiles/CMakeTmp'
Building C object CMakeFiles/cmTC_a6e54.dir/CheckFunctionExists.c.o
/usr/bin/cc    -DCHECK_FUNCTION_EXISTS=pthread_create   -o CMakeFiles/cmTC_a6e54.dir/CheckFunctionExists.c.o   -c /usr/share/cmake-3.5/Modules/CheckFunctionExists.c
Linking C executable cmTC_a6e54
/usr/bin/cmake -E cmake_link_script CMakeFiles/cmTC_a6e54.dir/link.txt --verbose=1
/usr/bin/cc   -DCHECK_FUNCTION_EXISTS=pthread_create    CMakeFiles/cmTC_a6e54.dir/CheckFunctionExists.c.o  -o cmTC_a6e54 -rdynamic -lpthreads 
/usr/bin/ld: cannot find -lpthreads
collect2: error: ld returned 1 exit status
CMakeFiles/cmTC_a6e54.dir/build.make:97: recipe for target 'cmTC_a6e54' failed
make[3]: *** [cmTC_a6e54] Error 1
make[3]: Leaving directory '/home/rpg711/Documents/CS403/kinetic_workspace/cs403/cobot_simulator/cobot_msgs/build/CMakeFiles/CMakeTmp'
Makefile:126: recipe for target 'cmTC_a6e54/fast' failed
make[2]: *** [cmTC_a6e54/fast] Error 2
make[2]: Leaving directory '/home/rpg711/Documents/CS403/kinetic_workspace/cs403/cobot_simulator/cobot_msgs/build/CMakeFiles/CMakeTmp'


